0 verbose cli C:\Program Files\nodejs\node.exe C:\Users\pcmc\AppData\Roaming\npm\node_modules\npm\bin\npm-cli.js
1 info using npm@11.5.2
2 info using node@v22.18.0
3 silly config load:file:C:\Users\pcmc\AppData\Roaming\npm\node_modules\npm\npmrc
4 silly config load:file:E:\GridlockR2\frontend\.npmrc
5 silly config load:file:C:\Users\pcmc\.npmrc
6 silly config load:file:C:\Users\pcmc\AppData\Roaming\npm\etc\npmrc
7 verbose title npm install
8 verbose argv "install" "--prefer-offline" "--no-audit" "--no-fund"
9 verbose logfile logs-max:10 dir:e:\GridlockR2\.npm-cache\_logs\2026-06-17T06_01_40_649Z-
10 verbose logfile e:\GridlockR2\.npm-cache\_logs\2026-06-17T06_01_40_649Z-debug-0.log
11 silly logfile done cleaning log files
12 silly packumentCache heap:4345298944 maxSize:1086324736 maxEntrySize:543162368
13 silly idealTree buildDeps
14 silly reify moves {}
15 verbose cwd E:\GridlockR2\frontend
16 verbose os Windows_NT 10.0.26200
17 verbose node v22.18.0
18 verbose npm  v11.5.2
19 verbose exit 0
20 info ok
